2025-09-25 11:59:38 - Début du traitement d'une nouvelle réception
----------------------------------------
2025-09-25 11:59:38 - Données POST reçues
Array
(
    [gie] => Test GIE
    [zone] => zone 3
    [dateReception] => 2025-09-25
    [materiel] => Array
        (
            [0] => 5
        )

    [unite] => Array
        (
            [0] => boîte
        )

    [quantite] => Array
        (
            [0] => 1000
        )

    [compteurs] => 123456
)

----------------------------------------
2025-09-25 11:59:38 - Début de la transaction
----------------------------------------
2025-09-25 11:59:38 - Tentative d'insertion dans fiche_reception
Array
(
    [numero_fiche] => Gie-zone 3-2025-0001
    [gie] => Test GIE
    [zone] => zone 3
    [date_reception] => 2025-09-25
)

----------------------------------------
2025-09-25 11:59:38 - Insertion réussie dans fiche_reception
----------------------------------------
